p/1599371710545.jpg 1 0 0 32 32
p/1599371701910.jpg 1 0 0 32 32
p/1599371700713.jpg 1 0 0 32 32
p/1599371699375.jpg 1 0 0 32 32
p/1599371697959.jpg 1 0 0 32 32
p/1599371696693.jpg 1 0 0 32 32
p/1599371695147.jpg 1 0 0 32 32
p/1599371693148.jpg 1 0 0 32 32
p/1599371690785.jpg 1 0 0 32 32
p/1599371689304.jpg 1 0 0 32 32
p/1599371687710.jpg 1 0 0 32 32
p/1599371686403.jpg 1 0 0 32 32
p/1599371684812.jpg 1 0 0 32 32
p/1599371683213.jpg 1 0 0 32 32
p/1599371681598.jpg 1 0 0 32 32
p/1599371679207.jpg 1 0 0 32 32
p/1599371677324.jpg 1 0 0 32 32
p/1599371675685.jpg 1 0 0 32 32
p/1599371673864.jpg 1 0 0 32 32
p/1599371672491.jpg 1 0 0 32 32
p/1599371670080.jpg 1 0 0 32 32
p/1599371668485.jpg 1 0 0 32 32
p/1599371666463.jpg 1 0 0 32 32
p/1599371594714.jpg 1 0 0 32 32
p/1599371577419.jpg 1 0 0 32 32
p/1599371575503.jpg 1 0 0 32 32
p/1599371572497.jpg 1 0 0 32 32
p/1599371570863.jpg 1 0 0 32 32
p/1599371568992.jpg 1 0 0 32 32
p/1599371566617.jpg 1 0 0 32 32
p/1599371562714.jpg 1 0 0 32 32
p/1599371561311.jpg 1 0 0 32 32
p/1599371556566.jpg 1 0 0 32 32
p/1599371554673.jpg 1 0 0 32 32
p/1599371548002.jpg 1 0 0 32 32
p/1599371546743.jpg 1 0 0 32 32
p/1599371499081.jpg 1 0 0 32 32
p/1599371493454.jpg 1 0 0 32 32
p/1599371489596.jpg 1 0 0 32 32
p/1599371486044.jpg 1 0 0 32 32
p/1599371483325.jpg 1 0 0 32 32
p/1599371479051.jpg 1 0 0 32 32
p/1599371477544.jpg 1 0 0 32 32
p/1599371475768.jpg 1 0 0 32 32
p/1599371472326.jpg 1 0 0 32 32
p/1599371470392.jpg 1 0 0 32 32
p/1599371463600.jpg 1 0 0 32 32
p/1599371462186.jpg 1 0 0 32 32
p/1599371460428.jpg 1 0 0 32 32
p/1599371458520.jpg 1 0 0 32 32
p/1599371455828.jpg 1 0 0 32 32
p/1599371449456.jpg 1 0 0 32 32
p/1599371447788.jpg 1 0 0 32 32
p/1599371414971.jpg 1 0 0 32 32
p/1599371412424.jpg 1 0 0 32 32
p/1599371402634.jpg 1 0 0 32 32
p/1599371401540.jpg 1 0 0 32 32
p/1599371400497.jpg 1 0 0 32 32
p/1599371399040.jpg 1 0 0 32 32
p/1599371396894.jpg 1 0 0 32 32
p/1599371383235.jpg 1 0 0 32 32
p/1599371381511.jpg 1 0 0 32 32
p/1599371380302.jpg 1 0 0 32 32
p/1599371378891.jpg 1 0 0 32 32
p/1599371377398.jpg 1 0 0 32 32
p/1599371372847.jpg 1 0 0 32 32
p/1599371364539.jpg 1 0 0 32 32
p/1599371362723.jpg 1 0 0 32 32
p/1599371359075.jpg 1 0 0 32 32
p/1599371357084.jpg 1 0 0 32 32
p/1599371353903.jpg 1 0 0 32 32
p/1599371352665.jpg 1 0 0 32 32
p/1599371350994.jpg 1 0 0 32 32
p/1599371348176.jpg 1 0 0 32 32
p/1599371346648.jpg 1 0 0 32 32
p/1599371342067.jpg 1 0 0 32 32
p/1599371340886.jpg 1 0 0 32 32
p/1599371336831.jpg 1 0 0 32 32
p/1599371320229.jpg 1 0 0 32 32
p/1599371317122.jpg 1 0 0 32 32
p/1599371314368.jpg 1 0 0 32 32
p/1599371311301.jpg 1 0 0 32 32
p/1599371308985.jpg 1 0 0 32 32
p/1599371307105.jpg 1 0 0 32 32
p/1599371305153.jpg 1 0 0 32 32
p/1599371303502.jpg 1 0 0 32 32
p/1599371302080.jpg 1 0 0 32 32
p/1599371298220.jpg 1 0 0 32 32
p/1599371292994.jpg 1 0 0 32 32
p/1599371290389.jpg 1 0 0 32 32
p/1599371237993.jpg 1 0 0 32 32
p/1599371235472.jpg 1 0 0 32 32
p/1599371233168.jpg 1 0 0 32 32
p/1599371229959.jpg 1 0 0 32 32
p/1599371228169.jpg 1 0 0 32 32
p/1599371225325.jpg 1 0 0 32 32
p/1599371222078.jpg 1 0 0 32 32
p/1599371220759.jpg 1 0 0 32 32
p/1599371218947.jpg 1 0 0 32 32
p/1599371214660.jpg 1 0 0 32 32
p/1599371210952.jpg 1 0 0 32 32
p/1599371206471.jpg 1 0 0 32 32
p/1599371205213.jpg 1 0 0 32 32
p/1599371203573.jpg 1 0 0 32 32
p/1599371198816.jpg 1 0 0 32 32
p/1599371193399.jpg 1 0 0 32 32
p/1599371188949.jpg 1 0 0 32 32
p/1599371183541.jpg 1 0 0 32 32
p/1599371182296.jpg 1 0 0 32 32
p/1599371181062.jpg 1 0 0 32 32
p/1599371178227.jpg 1 0 0 32 32
p/1599371173881.jpg 1 0 0 32 32
p/1599371165113.jpg 1 0 0 32 32
p/1599371163056.jpg 1 0 0 32 32
p/1599371160980.jpg 1 0 0 32 32
p/1599371159430.jpg 1 0 0 32 32
p/1599371156121.jpg 1 0 0 32 32
p/1599371154402.jpg 1 0 0 32 32
p/1599371152691.jpg 1 0 0 32 32
p/1599371150030.jpg 1 0 0 32 32
p/1599371144601.jpg 1 0 0 32 32
p/1599371140677.jpg 1 0 0 32 32
p/1599371139122.jpg 1 0 0 32 32
p/1599371136904.jpg 1 0 0 32 32
p/1599371135560.jpg 1 0 0 32 32
p/1599371132376.jpg 1 0 0 32 32
p/1599371127692.jpg 1 0 0 32 32
p/1599371126260.jpg 1 0 0 32 32
p/1599371124773.jpg 1 0 0 32 32
p/1599371121079.jpg 1 0 0 32 32
p/1599371119659.jpg 1 0 0 32 32
p/1599371118450.jpg 1 0 0 32 32
p/1599371114279.jpg 1 0 0 32 32
p/1599371112847.jpg 1 0 0 32 32
p/1599371111368.jpg 1 0 0 32 32
p/1599371109598.jpg 1 0 0 32 32
p/1599371108078.jpg 1 0 0 32 32
p/1599371105353.jpg 1 0 0 32 32
p/1599371102590.jpg 1 0 0 32 32
p/1599371101171.jpg 1 0 0 32 32
p/1599371100085.jpg 1 0 0 32 32
p/1599371098543.jpg 1 0 0 32 32
p/1599371095198.jpg 1 0 0 32 32
p/1599371093959.jpg 1 0 0 32 32
p/1599371092296.jpg 1 0 0 32 32
p/1599371088931.jpg 1 0 0 32 32
p/1599371082962.jpg 1 0 0 32 32
p/1599371075524.jpg 1 0 0 32 32
p/1599371074060.jpg 1 0 0 32 32
p/1599371072763.jpg 1 0 0 32 32
p/1599371071315.jpg 1 0 0 32 32
p/1599371068401.jpg 1 0 0 32 32
p/1599371067082.jpg 1 0 0 32 32
p/1599371065087.jpg 1 0 0 32 32
p/1599371063513.jpg 1 0 0 32 32
p/1599371062085.jpg 1 0 0 32 32
p/1599371058608.jpg 1 0 0 32 32
p/1599371056636.jpg 1 0 0 32 32
p/1599371049835.jpg 1 0 0 32 32
p/1599371047004.jpg 1 0 0 32 32
p/1599371044713.jpg 1 0 0 32 32
p/1599371041245.jpg 1 0 0 32 32
p/1599371037016.jpg 1 0 0 32 32
p/1599371035682.jpg 1 0 0 32 32
p/1599371034220.jpg 1 0 0 32 32
p/1599371028505.jpg 1 0 0 32 32
p/1599371026513.jpg 1 0 0 32 32
p/1599371022407.jpg 1 0 0 32 32
p/1599371020727.jpg 1 0 0 32 32
p/1599371018720.jpg 1 0 0 32 32
p/1599370925182.jpg 1 0 0 32 32
p/1599370922178.jpg 1 0 0 32 32
p/1599370920735.jpg 1 0 0 32 32
p/1599370919721.jpg 1 0 0 32 32
p/1599370918469.jpg 1 0 0 32 32
p/1599370913669.jpg 1 0 0 32 32
p/1599370912082.jpg 1 0 0 32 32
p/1599370910405.jpg 1 0 0 32 32
p/1599370907421.jpg 1 0 0 32 32
p/1599370905346.jpg 1 0 0 32 32
p/1599370902018.jpg 1 0 0 32 32
p/1599370900479.jpg 1 0 0 32 32
p/1599370898873.jpg 1 0 0 32 32
p/1599370897012.jpg 1 0 0 32 32
p/1599370894407.jpg 1 0 0 32 32
p/1599370892945.jpg 1 0 0 32 32
p/1599370891276.jpg 1 0 0 32 32
p/1599370888141.jpg 1 0 0 32 32
p/1599370884929.jpg 1 0 0 32 32
p/1599370883194.jpg 1 0 0 32 32
p/1599370878701.jpg 1 0 0 32 32
p/1599370876640.jpg 1 0 0 32 32
p/1599370874507.jpg 1 0 0 32 32
p/1599370872638.jpg 1 0 0 32 32
p/1599370870821.jpg 1 0 0 32 32
p/1599370868867.jpg 1 0 0 32 32
p/1599370867554.jpg 1 0 0 32 32
p/1599370865740.jpg 1 0 0 32 32
p/1599370862241.jpg 1 0 0 32 32
p/1599370855732.jpg 1 0 0 32 32
p/1599370853377.jpg 1 0 0 32 32
p/1599370851633.jpg 1 0 0 32 32
p/1599370846525.jpg 1 0 0 32 32
p/1599370841900.jpg 1 0 0 32 32
p/1599370840697.jpg 1 0 0 32 32
p/1599370839413.jpg 1 0 0 32 32
p/1599370838284.jpg 1 0 0 32 32
p/1599370836574.jpg 1 0 0 32 32
p/1599370835025.jpg 1 0 0 32 32
p/1599370833638.jpg 1 0 0 32 32
p/1599370832022.jpg 1 0 0 32 32
p/1599370830131.jpg 1 0 0 32 32
p/1599370828286.jpg 1 0 0 32 32
p/1599370819873.jpg 1 0 0 32 32
p/1599370818546.jpg 1 0 0 32 32
p/1599370817034.jpg 1 0 0 32 32
p/1599370813450.jpg 1 0 0 32 32
p/1599370811770.jpg 1 0 0 32 32
p/1599370809918.jpg 1 0 0 32 32
p/1599370807854.jpg 1 0 0 32 32
p/1599370800518.jpg 1 0 0 32 32
p/1599370797764.jpg 1 0 0 32 32
p/1599370794256.jpg 1 0 0 32 32
p/1599370793002.jpg 1 0 0 32 32
p/1599370791673.jpg 1 0 0 32 32
p/1599370788504.jpg 1 0 0 32 32
p/1599370786823.jpg 1 0 0 32 32
p/1599370782661.jpg 1 0 0 32 32
p/1599370780942.jpg 1 0 0 32 32
p/1599370779496.jpg 1 0 0 32 32
p/1599370777422.jpg 1 0 0 32 32
p/1599370774172.jpg 1 0 0 32 32
p/1599370772590.jpg 1 0 0 32 32
p/1599370767303.jpg 1 0 0 32 32
p/1599370765689.jpg 1 0 0 32 32
p/1599370760250.jpg 1 0 0 32 32
p/1599370757534.jpg 1 0 0 32 32
p/1599370752931.jpg 1 0 0 32 32
p/1599370749102.jpg 1 0 0 32 32
p/1599370737834.jpg 1 0 0 32 32
p/1599370736428.jpg 1 0 0 32 32
p/1599370730768.jpg 1 0 0 32 32
p/1599370721533.jpg 1 0 0 32 32
p/1599370720064.jpg 1 0 0 32 32
p/1599370715271.jpg 1 0 0 32 32
p/1599370713767.jpg 1 0 0 32 32
p/1599370702455.jpg 1 0 0 32 32
p/1599370700905.jpg 1 0 0 32 32
p/1599370697895.jpg 1 0 0 32 32
p/1599370695353.jpg 1 0 0 32 32
p/1599370691928.jpg 1 0 0 32 32
p/1599370688158.jpg 1 0 0 32 32
p/1599370680815.jpg 1 0 0 32 32
p/1599370675457.jpg 1 0 0 32 32
p/1599370672028.jpg 1 0 0 32 32
p/1599370669395.jpg 1 0 0 32 32
p/1599370664773.jpg 1 0 0 32 32
p/1599370662964.jpg 1 0 0 32 32
p/1599370656031.jpg 1 0 0 32 32
p/1599370653933.jpg 1 0 0 32 32
p/1599370650299.jpg 1 0 0 32 32
p/1599370645428.jpg 1 0 0 32 32
p/1599370635924.jpg 1 0 0 32 32
p/1599370630042.jpg 1 0 0 32 32
p/1599370626821.jpg 1 0 0 32 32
p/1599370624513.jpg 1 0 0 32 32
p/1599370619924.jpg 1 0 0 32 32
p/1599370618448.jpg 1 0 0 32 32
p/1599370616769.jpg 1 0 0 32 32
p/1599370607933.jpg 1 0 0 32 32
p/1599370601970.jpg 1 0 0 32 32
p/1599370598806.jpg 1 0 0 32 32
p/1599370596905.jpg 1 0 0 32 32
p/1599370594575.jpg 1 0 0 32 32
p/1599370592799.jpg 1 0 0 32 32
p/1599370584089.jpg 1 0 0 32 32
p/1599370582364.jpg 1 0 0 32 32
p/1599370577849.jpg 1 0 0 32 32
p/1599370576161.jpg 1 0 0 32 32
p/1599370573291.jpg 1 0 0 32 32
p/1599370318737.jpg 1 0 0 32 32
p/1599370313725.jpg 1 0 0 32 32
p/1599370311856.jpg 1 0 0 32 32
p/1599370308414.jpg 1 0 0 32 32
p/1599370306708.jpg 1 0 0 32 32
p/1599370305226.jpg 1 0 0 32 32
p/1599370303264.jpg 1 0 0 32 32
p/1599370297303.jpg 1 0 0 32 32
p/1599370289500.jpg 1 0 0 32 32
p/1599370288021.jpg 1 0 0 32 32
p/1599370284550.jpg 1 0 0 32 32
p/1599370282749.jpg 1 0 0 32 32
p/1599370279586.jpg 1 0 0 32 32
p/1599370278041.jpg 1 0 0 32 32
p/1599370274321.jpg 1 0 0 32 32
p/1599370272600.jpg 1 0 0 32 32
p/1599370271011.jpg 1 0 0 32 32
p/1599370266594.jpg 1 0 0 32 32
p/1599370264737.jpg 1 0 0 32 32
p/1599370263318.jpg 1 0 0 32 32
p/1599370261889.jpg 1 0 0 32 32
p/1599370260372.jpg 1 0 0 32 32
p/1599370258705.jpg 1 0 0 32 32
p/1599370255397.jpg 1 0 0 32 32
p/1599370252029.jpg 1 0 0 32 32
p/1599370244736.jpg 1 0 0 32 32
p/1599370238821.jpg 1 0 0 32 32
p/1599370237010.jpg 1 0 0 32 32
p/1599370232444.jpg 1 0 0 32 32
p/1599370229330.jpg 1 0 0 32 32
p/1599370227261.jpg 1 0 0 32 32
p/1599370225544.jpg 1 0 0 32 32
p/1599370222222.jpg 1 0 0 32 32
p/1599370218015.jpg 1 0 0 32 32
p/1599370216408.jpg 1 0 0 32 32
p/1599370213092.jpg 1 0 0 32 32
p/1599370211754.jpg 1 0 0 32 32
p/1599370209332.jpg 1 0 0 32 32
p/1599370207194.jpg 1 0 0 32 32
p/1599370203256.jpg 1 0 0 32 32
p/1599370199920.jpg 1 0 0 32 32
p/1599370196621.jpg 1 0 0 32 32
p/1599370194682.jpg 1 0 0 32 32
p/1599370189930.jpg 1 0 0 32 32
p/1599370188314.jpg 1 0 0 32 32
p/1599370186040.jpg 1 0 0 32 32
p/1599370179194.jpg 1 0 0 32 32
p/1599370174302.jpg 1 0 0 32 32
p/1599370137151.jpg 1 0 0 32 32
p/1599370134945.jpg 1 0 0 32 32
p/1599370131325.jpg 1 0 0 32 32
p/1599370129335.jpg 1 0 0 32 32
p/1599370126383.jpg 1 0 0 32 32
p/1599370124954.jpg 1 0 0 32 32
p/1599370120938.jpg 1 0 0 32 32
p/1599370119415.jpg 1 0 0 32 32
p/1599370118085.jpg 1 0 0 32 32
p/1599370116656.jpg 1 0 0 32 32
p/1599370108062.jpg 1 0 0 32 32
p/1599370101051.jpg 1 0 0 32 32
p/1599370097333.jpg 1 0 0 32 32
p/1599370086789.jpg 1 0 0 32 32
p/1599370085337.jpg 1 0 0 32 32
p/1599370079228.jpg 1 0 0 32 32
p/1599370075533.jpg 1 0 0 32 32
p/1599370070171.jpg 1 0 0 32 32
p/1599370066683.jpg 1 0 0 32 32
p/1599370061683.jpg 1 0 0 32 32
p/1599370058638.jpg 1 0 0 32 32
p/1599370055033.jpg 1 0 0 32 32
p/1599370053145.jpg 1 0 0 32 32
p/1599370051441.jpg 1 0 0 32 32
p/1599370049662.jpg 1 0 0 32 32
p/1599370048026.jpg 1 0 0 32 32
p/1599370045095.jpg 1 0 0 32 32
p/1599370036872.jpg 1 0 0 32 32
p/1599370033741.jpg 1 0 0 32 32
p/1599370028380.jpg 1 0 0 32 32
p/1599370026610.jpg 1 0 0 32 32
p/1599370025299.jpg 1 0 0 32 32
p/1599370023993.jpg 1 0 0 32 32
p/1599370022371.jpg 1 0 0 32 32
p/1599370019140.jpg 1 0 0 32 32
p/1599370015752.jpg 1 0 0 32 32
p/1599370011162.jpg 1 0 0 32 32
p/1599370009503.jpg 1 0 0 32 32
p/1599370005986.jpg 1 0 0 32 32
p/1599370003755.jpg 1 0 0 32 32
p/1599370001334.jpg 1 0 0 32 32
p/1599369999744.jpg 1 0 0 32 32
p/1599369998000.jpg 1 0 0 32 32
p/1599369996555.jpg 1 0 0 32 32
p/1599369995054.jpg 1 0 0 32 32
p/1599369993231.jpg 1 0 0 32 32
p/1599369991469.jpg 1 0 0 32 32
p/1599369989784.jpg 1 0 0 32 32
p/1599369986696.jpg 1 0 0 32 32
p/1599369983595.jpg 1 0 0 32 32
p/1599369980566.jpg 1 0 0 32 32
p/1599369978974.jpg 1 0 0 32 32
p/1599369958829.jpg 1 0 0 32 32
p/1599369953926.jpg 1 0 0 32 32
p/1599369952423.jpg 1 0 0 32 32
p/1599369950941.jpg 1 0 0 32 32
p/1599369948149.jpg 1 0 0 32 32
p/1599369941250.jpg 1 0 0 32 32
p/1599369939762.jpg 1 0 0 32 32
p/1599369938255.jpg 1 0 0 32 32
p/1599369936264.jpg 1 0 0 32 32
p/1599369932341.jpg 1 0 0 32 32
p/1599369930679.jpg 1 0 0 32 32
p/1599369928729.jpg 1 0 0 32 32
p/1599369923058.jpg 1 0 0 32 32
p/1599369918845.jpg 1 0 0 32 32
p/1599369917580.jpg 1 0 0 32 32
p/1599369916162.jpg 1 0 0 32 32
p/1599369914615.jpg 1 0 0 32 32
p/1599369912858.jpg 1 0 0 32 32
p/1599369911278.jpg 1 0 0 32 32
p/1599369909503.jpg 1 0 0 32 32
p/1599369907874.jpg 1 0 0 32 32
p/1599369905861.jpg 1 0 0 32 32
p/1599369904553.jpg 1 0 0 32 32
p/1599369903042.jpg 1 0 0 32 32
p/1599369901040.jpg 1 0 0 32 32
p/1599369899104.jpg 1 0 0 32 32
p/1599369896964.jpg 1 0 0 32 32
p/1599369895417.jpg 1 0 0 32 32
p/1599369893533.jpg 1 0 0 32 32
p/1599369892184.jpg 1 0 0 32 32
p/1599369890399.jpg 1 0 0 32 32
p/1599369885223.jpg 1 0 0 32 32
p/1599369880873.jpg 1 0 0 32 32
p/1599369878137.jpg 1 0 0 32 32
p/1599369876547.jpg 1 0 0 32 32
p/1599369875104.jpg 1 0 0 32 32
p/1599369871989.jpg 1 0 0 32 32
p/1599369870674.jpg 1 0 0 32 32
p/1599369867465.jpg 1 0 0 32 32
p/1599369864202.jpg 1 0 0 32 32
p/1599369860855.jpg 1 0 0 32 32
p/1599369853773.jpg 1 0 0 32 32
p/1599369850938.jpg 1 0 0 32 32
p/1599369849589.jpg 1 0 0 32 32
p/1599369847923.jpg 1 0 0 32 32
p/1599369842733.jpg 1 0 0 32 32
p/1599369841057.jpg 1 0 0 32 32
p/1599369839184.jpg 1 0 0 32 32
p/1599369837358.jpg 1 0 0 32 32
p/1599369835465.jpg 1 0 0 32 32
p/1599369831326.jpg 1 0 0 32 32
p/1599369829696.jpg 1 0 0 32 32
p/1599369825131.jpg 1 0 0 32 32
p/1599369823734.jpg 1 0 0 32 32
p/1599369822317.jpg 1 0 0 32 32
p/1599369820571.jpg 1 0 0 32 32
p/1599369817551.jpg 1 0 0 32 32
p/1599369812736.jpg 1 0 0 32 32
p/1599369809502.jpg 1 0 0 32 32
p/1599369808184.jpg 1 0 0 32 32
p/1599369806618.jpg 1 0 0 32 32
p/1599369805109.jpg 1 0 0 32 32
p/1599369803107.jpg 1 0 0 32 32
p/1599369797747.jpg 1 0 0 32 32
p/1599369795669.jpg 1 0 0 32 32
p/1599369793560.jpg 1 0 0 32 32
p/1599369789705.jpg 1 0 0 32 32
p/1599369785901.jpg 1 0 0 32 32
p/1599369782611.jpg 1 0 0 32 32
p/1599369780844.jpg 1 0 0 32 32
p/1599369776306.jpg 1 0 0 32 32
p/1599369774736.jpg 1 0 0 32 32
p/1599369772727.jpg 1 0 0 32 32
p/1599369770756.jpg 1 0 0 32 32
p/1599369768958.jpg 1 0 0 32 32
p/1599369766981.jpg 1 0 0 32 32
p/1599369764985.jpg 1 0 0 32 32
p/1599369762986.jpg 1 0 0 32 32
p/1599369754961.jpg 1 0 0 32 32
p/1599369748339.jpg 1 0 0 32 32
p/1599369746229.jpg 1 0 0 32 32
p/1599369743096.jpg 1 0 0 32 32
p/1599369736362.jpg 1 0 0 32 32
p/1599369733889.jpg 1 0 0 32 32
p/1599369731700.jpg 1 0 0 32 32
p/1599369727268.jpg 1 0 0 32 32
p/1599369724581.jpg 1 0 0 32 32
p/1599369717138.jpg 1 0 0 32 32
p/1599369715876.jpg 1 0 0 32 32
p/1599369712942.jpg 1 0 0 32 32
p/1599369709879.jpg 1 0 0 32 32
p/1599369702497.jpg 1 0 0 32 32
p/1599369700920.jpg 1 0 0 32 32
p/1599369699112.jpg 1 0 0 32 32
p/1599369697573.jpg 1 0 0 32 32
p/1599369692356.jpg 1 0 0 32 32
p/1599369688866.jpg 1 0 0 32 32
p/1599369687315.jpg 1 0 0 32 32
p/1599369682374.jpg 1 0 0 32 32
p/1599369677883.jpg 1 0 0 32 32
p/1599369672603.jpg 1 0 0 32 32
p/1599369671254.jpg 1 0 0 32 32
p/1599369669853.jpg 1 0 0 32 32
p/1599369668189.jpg 1 0 0 32 32
p/1599369666658.jpg 1 0 0 32 32
p/1599369665011.jpg 1 0 0 32 32
p/1599369663501.jpg 1 0 0 32 32
p/1599369660162.jpg 1 0 0 32 32
p/1599369658254.jpg 1 0 0 32 32
p/1599369656185.jpg 1 0 0 32 32
p/1599369653277.jpg 1 0 0 32 32
p/1599369645164.jpg 1 0 0 32 32
p/1599369644140.jpg 1 0 0 32 32
p/1599369638682.jpg 1 0 0 32 32
p/1599369637242.jpg 1 0 0 32 32
p/1599369631042.jpg 1 0 0 32 32
p/1599369625554.jpg 1 0 0 32 32
p/1599369622434.jpg 1 0 0 32 32
p/1599369619448.jpg 1 0 0 32 32
p/1599369614143.jpg 1 0 0 32 32
p/1599369608800.jpg 1 0 0 32 32
p/1599369607749.jpg 1 0 0 32 32
p/1599369605286.jpg 1 0 0 32 32
p/1599369603710.jpg 1 0 0 32 32
p/1599369602398.jpg 1 0 0 32 32
p/1599369598339.jpg 1 0 0 32 32
p/1599369596188.jpg 1 0 0 32 32
p/1599369592900.jpg 1 0 0 32 32
p/1599369590126.jpg 1 0 0 32 32
p/1599369588090.jpg 1 0 0 32 32
p/1599369586110.jpg 1 0 0 32 32
p/1599369584448.jpg 1 0 0 32 32
p/1599369581399.jpg 1 0 0 32 32
p/1599369579935.jpg 1 0 0 32 32
p/1599369571510.jpg 1 0 0 32 32
p/1599369568613.jpg 1 0 0 32 32
p/1599369564502.jpg 1 0 0 32 32
p/1599369563157.jpg 1 0 0 32 32
p/1599369559794.jpg 1 0 0 32 32
p/1599369552638.jpg 1 0 0 32 32
p/1599369550524.jpg 1 0 0 32 32
p/1599369548911.jpg 1 0 0 32 32
p/1599369547085.jpg 1 0 0 32 32
p/1599369541749.jpg 1 0 0 32 32
p/1599369537799.jpg 1 0 0 32 32
p/1599369534375.jpg 1 0 0 32 32
p/1599369530891.jpg 1 0 0 32 32
p/1599369528832.jpg 1 0 0 32 32
p/1599369527450.jpg 1 0 0 32 32
p/1599369526081.jpg 1 0 0 32 32
p/1599369523099.jpg 1 0 0 32 32
p/1599369520565.jpg 1 0 0 32 32
p/1599369514882.jpg 1 0 0 32 32
p/1599369513111.jpg 1 0 0 32 32
p/1599369510470.jpg 1 0 0 32 32
p/1599369509044.jpg 1 0 0 32 32
p/1599369505643.jpg 1 0 0 32 32
p/1599369503493.jpg 1 0 0 32 32
p/1599369502109.jpg 1 0 0 32 32
p/1599369500714.jpg 1 0 0 32 32
p/1599369497879.jpg 1 0 0 32 32
p/1599369495375.jpg 1 0 0 32 32
p/1599369491680.jpg 1 0 0 32 32
p/1599369487122.jpg 1 0 0 32 32
p/1599369485749.jpg 1 0 0 32 32
p/1599369484008.jpg 1 0 0 32 32
p/1599369482508.jpg 1 0 0 32 32
p/1599369480512.jpg 1 0 0 32 32
p/1599369478623.jpg 1 0 0 32 32
p/1599369477120.jpg 1 0 0 32 32
p/1599369474823.jpg 1 0 0 32 32
p/1599369473398.jpg 1 0 0 32 32
p/1599369471059.jpg 1 0 0 32 32
p/1599369469509.jpg 1 0 0 32 32
p/1599369468151.jpg 1 0 0 32 32
p/1599369466703.jpg 1 0 0 32 32
p/1599369465158.jpg 1 0 0 32 32
p/1599369445894.jpg 1 0 0 32 32
p/1599369444759.jpg 1 0 0 32 32
p/1599369443492.jpg 1 0 0 32 32
p/1599369442185.jpg 1 0 0 32 32
p/1599369434855.jpg 1 0 0 32 32
p/1599369431571.jpg 1 0 0 32 32
p/1599369429717.jpg 1 0 0 32 32
p/1599369425523.jpg 1 0 0 32 32
p/1599369373194.jpg 1 0 0 32 32
p/1599369371148.jpg 1 0 0 32 32
p/1599369369542.jpg 1 0 0 32 32
p/1599369365705.jpg 1 0 0 32 32
p/1599369359146.jpg 1 0 0 32 32
p/1599369357330.jpg 1 0 0 32 32
p/1599369353774.jpg 1 0 0 32 32
p/1599369352111.jpg 1 0 0 32 32
p/1599369348592.jpg 1 0 0 32 32
p/1599369346989.jpg 1 0 0 32 32
p/1599369345348.jpg 1 0 0 32 32
p/1599369340738.jpg 1 0 0 32 32
p/1599369335264.jpg 1 0 0 32 32
p/1599369333140.jpg 1 0 0 32 32
p/1599369331625.jpg 1 0 0 32 32
p/1599369330021.jpg 1 0 0 32 32
p/1599369328600.jpg 1 0 0 32 32
p/1599369326756.jpg 1 0 0 32 32
p/1599369323037.jpg 1 0 0 32 32
p/1599369320827.jpg 1 0 0 32 32
p/1599369318488.jpg 1 0 0 32 32
p/1599369314353.jpg 1 0 0 32 32
p/1599369311921.jpg 1 0 0 32 32
p/1599369308910.jpg 1 0 0 32 32
p/1599369304354.jpg 1 0 0 32 32
p/1599369301929.jpg 1 0 0 32 32
p/1599369299680.jpg 1 0 0 32 32
p/1599369295068.jpg 1 0 0 32 32
p/1599369293272.jpg 1 0 0 32 32
p/1599369289672.jpg 1 0 0 32 32
p/1599369281173.jpg 1 0 0 32 32
p/1599369279661.jpg 1 0 0 32 32
p/1599369278507.jpg 1 0 0 32 32
p/1599369272846.jpg 1 0 0 32 32
p/1599369271348.jpg 1 0 0 32 32
p/1599369270026.jpg 1 0 0 32 32
p/1599369268239.jpg 1 0 0 32 32
p/1599369255940.jpg 1 0 0 32 32
p/1599369253972.jpg 1 0 0 32 32
p/1599369252384.jpg 1 0 0 32 32
p/1599369241283.jpg 1 0 0 32 32
p/1599369215151.jpg 1 0 0 32 32
p/1599369209692.jpg 1 0 0 32 32
p/1599369198221.jpg 1 0 0 32 32
p/1599369191115.jpg 1 0 0 32 32
p/1599369186249.jpg 1 0 0 32 32
p/1599369152834.jpg 1 0 0 32 32
p/1599369148206.jpg 1 0 0 32 32
p/1599369144683.jpg 1 0 0 32 32
p/1599369142484.jpg 1 0 0 32 32
p/1599369140412.jpg 1 0 0 32 32
p/1599369134044.jpg 1 0 0 32 32
p/1599369120009.jpg 1 0 0 32 32
p/1599369118010.jpg 1 0 0 32 32
p/1599369108778.jpg 1 0 0 32 32
p/1599369107152.jpg 1 0 0 32 32
p/1599369105632.jpg 1 0 0 32 32
p/1599369085256.jpg 1 0 0 32 32
p/1599369063042.jpg 1 0 0 32 32
p/1599369060827.jpg 1 0 0 32 32
p/1599369058909.jpg 1 0 0 32 32
p/1599369056903.jpg 1 0 0 32 32
p/1599369054749.jpg 1 0 0 32 32
p/1599369052417.jpg 1 0 0 32 32
p/1599369044729.jpg 1 0 0 32 32
p/1599368978548.jpg 1 0 0 32 32
p/1599368974450.jpg 1 0 0 32 32
p/1599368971630.jpg 1 0 0 32 32
p/1599368969500.jpg 1 0 0 32 32
p/1599368967440.jpg 1 0 0 32 32
p/1599368965428.jpg 1 0 0 32 32
p/1599368963348.jpg 1 0 0 32 32
p/1599368961534.jpg 1 0 0 32 32
p/1599368958371.jpg 1 0 0 32 32
p/1599368955435.jpg 1 0 0 32 32
p/1599368953420.jpg 1 0 0 32 32
p/1599368951140.jpg 1 0 0 32 32
p/1599368948674.jpg 1 0 0 32 32
p/1599368943925.jpg 1 0 0 32 32
p/1599368941821.jpg 1 0 0 32 32
p/1599368928062.jpg 1 0 0 32 32
p/1599368917859.jpg 1 0 0 32 32
p/1599368914781.jpg 1 0 0 32 32
p/1599368912473.jpg 1 0 0 32 32
p/1599368894401.jpg 1 0 0 32 32
p/1599368892251.jpg 1 0 0 32 32
p/1599368890146.jpg 1 0 0 32 32
p/1599368887920.jpg 1 0 0 32 32
p/1599368885567.jpg 1 0 0 32 32
p/1599368873646.jpg 1 0 0 32 32
p/1599368870930.jpg 1 0 0 32 32
p/1599368869394.jpg 1 0 0 32 32
p/1599368867529.jpg 1 0 0 32 32
p/1599368865439.jpg 1 0 0 32 32
p/1599368862549.jpg 1 0 0 32 32
p/1599368860367.jpg 1 0 0 32 32
p/1599368858190.jpg 1 0 0 32 32
p/1599368853724.jpg 1 0 0 32 32
p/1599368851536.jpg 1 0 0 32 32
p/1599368847691.jpg 1 0 0 32 32
p/1599368844097.jpg 1 0 0 32 32
p/1599368842246.jpg 1 0 0 32 32
p/1599368840251.jpg 1 0 0 32 32
p/1599368838085.jpg 1 0 0 32 32
p/1599368835916.jpg 1 0 0 32 32
p/1599368826463.jpg 1 0 0 32 32
p/1599368823675.jpg 1 0 0 32 32
p/1599368821100.jpg 1 0 0 32 32
p/1599368818883.jpg 1 0 0 32 32
p/1599368816372.jpg 1 0 0 32 32
p/1599368805041.jpg 1 0 0 32 32
p/1599368796096.jpg 1 0 0 32 32
p/1599368793284.jpg 1 0 0 32 32
p/1599368791045.jpg 1 0 0 32 32
p/1599368788111.jpg 1 0 0 32 32
p/1599368782954.jpg 1 0 0 32 32
p/1599368780660.jpg 1 0 0 32 32
p/1599368778287.jpg 1 0 0 32 32
p/1599368775561.jpg 1 0 0 32 32
p/1599368760141.jpg 1 0 0 32 32
p/1599368754557.jpg 1 0 0 32 32
p/1599368751707.jpg 1 0 0 32 32
p/1599368749067.jpg 1 0 0 32 32
p/1599368746804.jpg 1 0 0 32 32
p/1599368743421.jpg 1 0 0 32 32
p/1599368740866.jpg 1 0 0 32 32
p/1599368738235.jpg 1 0 0 32 32
p/1599368735724.jpg 1 0 0 32 32
p/1599368731945.jpg 1 0 0 32 32
p/1599368729524.jpg 1 0 0 32 32
p/1599368727259.jpg 1 0 0 32 32
p/1599368723086.jpg 1 0 0 32 32
p/1599368718962.jpg 1 0 0 32 32
p/1599368716781.jpg 1 0 0 32 32
p/1599368714274.jpg 1 0 0 32 32
p/1599368711513.jpg 1 0 0 32 32
p/1599368706491.jpg 1 0 0 32 32
p/1599368704516.jpg 1 0 0 32 32
p/1599368702545.jpg 1 0 0 32 32
p/1599368700314.jpg 1 0 0 32 32
p/1599368689160.jpg 1 0 0 32 32
p/1599368652298.jpg 1 0 0 32 32
p/1599368650359.jpg 1 0 0 32 32
p/1599368648174.jpg 1 0 0 32 32
p/1599368646445.jpg 1 0 0 32 32
p/1599368644636.jpg 1 0 0 32 32
p/1599368642667.jpg 1 0 0 32 32
p/1599368638621.jpg 1 0 0 32 32
p/1599368636102.jpg 1 0 0 32 32
p/1599368634051.jpg 1 0 0 32 32
p/1599368631678.jpg 1 0 0 32 32
p/1599368629121.jpg 1 0 0 32 32
p/1599368626579.jpg 1 0 0 32 32
p/1599368624362.jpg 1 0 0 32 32
p/1599368613133.jpg 1 0 0 32 32
p/1599368587022.jpg 1 0 0 32 32
p/1599368583305.jpg 1 0 0 32 32
p/1599368579742.jpg 1 0 0 32 32
p/1599368567198.jpg 1 0 0 32 32
p/1599368562113.jpg 1 0 0 32 32
p/1599368557155.jpg 1 0 0 32 32
p/1599368552164.jpg 1 0 0 32 32
p/1599368549241.jpg 1 0 0 32 32
p/1599368544928.jpg 1 0 0 32 32
p/1599368534404.jpg 1 0 0 32 32
p/1599368531773.jpg 1 0 0 32 32
p/1599368526885.jpg 1 0 0 32 32
p/1599368523132.jpg 1 0 0 32 32
p/1599368478990.jpg 1 0 0 32 32
p/1599368469379.jpg 1 0 0 32 32
p/1599368465139.jpg 1 0 0 32 32
p/1599368451208.jpg 1 0 0 32 32
p/1599368418868.jpg 1 0 0 32 32
p/1599368411254.jpg 1 0 0 32 32
p/1599368407938.jpg 1 0 0 32 32
p/1599368405372.jpg 1 0 0 32 32
p/1599368401557.jpg 1 0 0 32 32
p/1599368397378.jpg 1 0 0 32 32
p/1599368388844.jpg 1 0 0 32 32
p/1599368369295.jpg 1 0 0 32 32